<?xml version="1.0" encoding="UTF-8"?>
<!-- Generated by org.testng.reporters.JUnitReportReporter -->
<testsuite skipped="0" hostname="ITEM-81177" name="Academy.E2EProject3.HomePage" tests="2" failures="0" timestamp="04 Jun 2021 08:52:40 GMT" time="18.633" errors="0">
  <testcase name="loginMultiple" time="15.179" classname="Academy.E2EProject3.HomePage"/>
  <testcase name="loginMultiple" time="3.454" classname="Academy.E2EProject3.HomePage"/>
</testsuite> <!-- Academy.E2EProject3.HomePage -->
